<?xml version="1.0" encoding="UTF-8"?>
<!-- Generated by org.testng.reporters.JUnitReportReporter -->
<testsuite hostname="DESKTOP-HSN9QIK" failures="0" tests="2" name="com.crm.organization.CreateOrganization" time="0.024" errors="0" timestamp="30 Dec 2021 20:28:40 GMT" skipped="0">
  <testcase classname="com.crm.organization.CreateOrganization" name="createOrganization" time="0.021"/>
  <testcase classname="com.crm.organization.CreateOrganization" name="updateOrganization" time="0.003"/>
</testsuite> <!-- com.crm.organization.CreateOrganization -->
